2025-05-13T11:44:41.427+03:00  INFO 372 --- [laboratory9] [main] c.pa.laboratory9.Laboratory9Application  : Starting Laboratory9Application using Java 23.0.1 with PID 372 (C:\Users\drago\IdeaProjects\PA\PA9\target\classes started by drago in C:\Users\drago\IdeaProjects\PA\PA9)
2025-05-13T11:44:41.429+03:00 DEBUG 372 --- [laboratory9] [main] c.pa.laboratory9.Laboratory9Application  : Running with Spring Boot v3.4.5, Spring v6.2.6
2025-05-13T11:44:41.431+03:00  INFO 372 --- [laboratory9] [main] c.pa.laboratory9.Laboratory9Application  : No active profile set, falling back to 1 default profile: "default"
2025-05-13T11:44:42.418+03:00  INFO 372 --- [laboratory9] [main] .s.d.r.c.RepositoryConfigurationDelegate : Bootstrapping Spring Data JPA repositories in DEFAULT mode.
2025-05-13T11:44:42.443+03:00  INFO 372 --- [laboratory9] [main] .s.d.r.c.RepositoryConfigurationDelegate : Finished Spring Data repository scanning in 16 ms. Found 0 JPA repository interfaces.
2025-05-13T11:44:43.042+03:00  INFO 372 --- [laboratory9] [main] o.apache.catalina.core.StandardService   : Starting service [Tomcat]
2025-05-13T11:44:43.042+03:00  INFO 372 --- [laboratory9] [main] o.apache.catalina.core.StandardEngine    : Starting Servlet engine: [Apache Tomcat/10.1.40]
2025-05-13T11:44:43.103+03:00  INFO 372 --- [laboratory9] [main] o.a.c.c.C.[Tomcat].[localhost].[/]       : Initializing Spring embedded WebApplicationContext
2025-05-13T11:44:43.380+03:00  INFO 372 --- [laboratory9] [main] o.hibernate.jpa.internal.util.LogHelper  : HHH000204: Processing PersistenceUnitInfo [name: default]
2025-05-13T11:44:43.449+03:00  INFO 372 --- [laboratory9] [main] org.hibernate.Version                    : HHH000412: Hibernate ORM core version 6.6.13.Final
2025-05-13T11:44:43.480+03:00  INFO 372 --- [laboratory9] [main] o.h.c.internal.RegionFactoryInitiator    : HHH000026: Second-level cache disabled
2025-05-13T11:44:43.774+03:00  INFO 372 --- [laboratory9] [main] o.s.o.j.p.SpringPersistenceUnitInfo      : No LoadTimeWeaver setup: ignoring JPA class transformer
2025-05-13T11:44:43.800+03:00  INFO 372 --- [laboratory9] [main] com.zaxxer.hikari.HikariDataSource       : HikariPool-1 - Starting...
2025-05-13T11:44:44.225+03:00  INFO 372 --- [laboratory9] [main] com.zaxxer.hikari.pool.HikariPool        : HikariPool-1 - Added connection com.mysql.cj.jdbc.ConnectionImpl@75e0a54c
2025-05-13T11:44:44.227+03:00  INFO 372 --- [laboratory9] [main] com.zaxxer.hikari.HikariDataSource       : HikariPool-1 - Start completed.
2025-05-13T11:44:44.289+03:00  WARN 372 --- [laboratory9] [main] org.hibernate.orm.deprecation            : HHH90000025: MySQL8Dialect does not need to be specified explicitly using 'hibernate.dialect' (remove the property setting and it will be selected by default)
2025-05-13T11:44:44.290+03:00  WARN 372 --- [laboratory9] [main] org.hibernate.orm.deprecation            : HHH90000026: MySQL8Dialect has been deprecated; use org.hibernate.dialect.MySQLDialect instead
2025-05-13T11:44:44.308+03:00  INFO 372 --- [laboratory9] [main] org.hibernate.orm.connections.pooling    : HHH10001005: Database info:
	Database JDBC URL [Connecting through datasource 'HikariDataSource (HikariPool-1)']
	Database driver: undefined/unknown
	Database version: 8.0
	Autocommit mode: undefined/unknown
	Isolation level: undefined/unknown
	Minimum pool size: undefined/unknown
	Maximum pool size: undefined/unknown
2025-05-13T11:44:45.346+03:00  INFO 372 --- [laboratory9] [main] o.h.e.t.j.p.i.JtaPlatformInitiator       : HHH000489: No JTA platform available (set 'hibernate.transaction.jta.platform' to enable JTA platform integration)
2025-05-13T11:44:45.414+03:00 DEBUG 372 --- [laboratory9] [main] org.hibernate.SQL                        : 
    alter table country 
       add column population integer not null
2025-05-13T11:44:45.505+03:00 DEBUG 372 --- [laboratory9] [main] org.hibernate.SQL                        : 
    alter table country 
       add column continent_id bigint
2025-05-13T11:44:45.541+03:00 DEBUG 372 --- [laboratory9] [main] org.hibernate.SQL                        : 
    alter table country 
       add constraint FKpymfsgrl32dy3gtl9r7rykkjg 
       foreign key (continent_id) 
       references continent (id)
2025-05-13T11:44:45.658+03:00  INFO 372 --- [laboratory9] [main] j.LocalContainerEntityManagerFactoryBean : Initialized JPA EntityManagerFactory for persistence unit 'default'
2025-05-13T11:44:46.448+03:00  INFO 372 --- [laboratory9] [main] c.pa.laboratory9.Laboratory9Application  : Started Laboratory9Application in 5.631 seconds (process running for 6.157)
2025-05-13T11:53:39.237+03:00  INFO 372 --- [laboratory9] [SpringApplicationShutdownHook] j.LocalContainerEntityManagerFactoryBean : Closing JPA EntityManagerFactory for persistence unit 'default'
2025-05-13T11:53:39.244+03:00  INFO 372 --- [laboratory9] [SpringApplicationShutdownHook] com.zaxxer.hikari.HikariDataSource       : HikariPool-1 - Shutdown initiated...
2025-05-13T11:53:39.262+03:00  INFO 372 --- [laboratory9] [SpringApplicationShutdownHook] com.zaxxer.hikari.HikariDataSource       : HikariPool-1 - Shutdown completed.
2025-05-13 13:47:14.511  INFO 20196 --- [main] c.pa.laboratory9.Laboratory9Application  : Starting Laboratory9Application using Java 23.0.1 on DragoiAndrei with PID 20196 (C:\Users\drago\IdeaProjects\PA\PA9\target\classes started by drago in C:\Users\drago\IdeaProjects\PA\PA9)
2025-05-13 13:47:14.515 DEBUG 20196 --- [main] c.pa.laboratory9.Laboratory9Application  : Running with Spring Boot v2.7.9, Spring v5.3.25
2025-05-13 13:47:14.516  INFO 20196 --- [main] c.pa.laboratory9.Laboratory9Application  : No active profile set, falling back to 1 default profile: "default"
2025-05-13 13:47:15.177  INFO 20196 --- [main] .s.d.r.c.RepositoryConfigurationDelegate : Bootstrapping Spring Data JPA repositories in DEFAULT mode.
2025-05-13 13:47:15.197  INFO 20196 --- [main] .s.d.r.c.RepositoryConfigurationDelegate : Finished Spring Data repository scanning in 10 ms. Found 0 JPA repository interfaces.
2025-05-13 13:47:15.940  INFO 20196 --- [main] o.apache.catalina.core.StandardService   : Starting service [Tomcat]
2025-05-13 13:47:15.940  INFO 20196 --- [main] org.apache.catalina.core.StandardEngine  : Starting Servlet engine: [Apache Tomcat/9.0.71]
2025-05-13 13:47:16.095  INFO 20196 --- [main] o.a.c.c.C.[Tomcat].[localhost].[/]       : Initializing Spring embedded WebApplicationContext
2025-05-13 13:47:16.196  INFO 20196 --- [main] o.apache.catalina.core.StandardService   : Stopping service [Tomcat]
2025-05-13 13:47:16.245 ERROR 20196 --- [main] o.s.boot.SpringApplication               : Application run failed

org.springframework.beans.factory.UnsatisfiedDependencyException: Error creating bean with name 'dataSourceScriptDatabaseInitializer' defined in class path resource [org/springframework/boot/autoconfigure/sql/init/DataSourceInitializationConfiguration.class]: Unsatisfied dependency expressed through method 'dataSourceScriptDatabaseInitializer' parameter 0; nested exception is org.springframework.beans.factory.BeanCreationException: Error creating bean with name 'dataSource' defined in class path resource [org/springframework/boot/autoconfigure/jdbc/DataSourceConfiguration$Hikari.class]: Bean instantiation via factory method failed; nested exception is org.springframework.beans.BeanInstantiationException: Failed to instantiate [com.zaxxer.hikari.HikariDataSource]: Factory method 'dataSource' threw exception; nested exception is java.lang.IllegalStateException: Cannot load driver class: com.mysql.cj.jdbc.Driver
	at org.springframework.beans.factory.support.ConstructorResolver.createArgumentArray(ConstructorResolver.java:800) ~[spring-beans-5.3.25.jar:5.3.25]
	at org.springframework.beans.factory.support.ConstructorResolver.instantiateUsingFactoryMethod(ConstructorResolver.java:541) ~[spring-beans-5.3.25.jar:5.3.25]
	at org.springframework.beans.factory.support.AbstractAutowireCapableBeanFactory.instantiateUsingFactoryMethod(AbstractAutowireCapableBeanFactory.java:1352) ~[spring-beans-5.3.25.jar:5.3.25]
	at org.springframework.beans.factory.support.AbstractAutowireCapableBeanFactory.createBeanInstance(AbstractAutowireCapableBeanFactory.java:1195) ~[spring-beans-5.3.25.jar:5.3.25]
	at org.springframework.beans.factory.support.AbstractAutowireCapableBeanFactory.doCreateBean(AbstractAutowireCapableBeanFactory.java:582) ~[spring-beans-5.3.25.jar:5.3.25]
	at org.springframework.beans.factory.support.AbstractAutowireCapableBeanFactory.createBean(AbstractAutowireCapableBeanFactory.java:542) ~[spring-beans-5.3.25.jar:5.3.25]
	at org.springframework.beans.factory.support.AbstractBeanFactory.lambda$doGetBean$0(AbstractBeanFactory.java:335) ~[spring-beans-5.3.25.jar:5.3.25]
	at org.springframework.beans.factory.support.DefaultSingletonBeanRegistry.getSingleton(DefaultSingletonBeanRegistry.java:234) ~[spring-beans-5.3.25.jar:5.3.25]
	at org.springframework.beans.factory.support.AbstractBeanFactory.doGetBean(AbstractBeanFactory.java:333) ~[spring-beans-5.3.25.jar:5.3.25]
	at org.springframework.beans.factory.support.AbstractBeanFactory.getBean(AbstractBeanFactory.java:208) ~[spring-beans-5.3.25.jar:5.3.25]
	at org.springframework.beans.factory.support.AbstractBeanFactory.doGetBean(AbstractBeanFactory.java:322) ~[spring-beans-5.3.25.jar:5.3.25]
	at org.springframework.beans.factory.support.AbstractBeanFactory.getBean(AbstractBeanFactory.java:208) ~[spring-beans-5.3.25.jar:5.3.25]
	at org.springframework.context.support.AbstractApplicationContext.getBean(AbstractApplicationContext.java:1154) ~[spring-context-5.3.25.jar:5.3.25]
	at org.springframework.context.support.AbstractApplicationContext.finishBeanFactoryInitialization(AbstractApplicationContext.java:908) ~[spring-context-5.3.25.jar:5.3.25]
	at org.springframework.context.support.AbstractApplicationContext.refresh(AbstractApplicationContext.java:583) ~[spring-context-5.3.25.jar:5.3.25]
	at org.springframework.boot.web.servlet.context.ServletWebServerApplicationContext.refresh(ServletWebServerApplicationContext.java:147) ~[spring-boot-2.7.9.jar:2.7.9]
	at org.springframework.boot.SpringApplication.refresh(SpringApplication.java:731) ~[spring-boot-2.7.9.jar:2.7.9]
	at org.springframework.boot.SpringApplication.refreshContext(SpringApplication.java:408) ~[spring-boot-2.7.9.jar:2.7.9]
	at org.springframework.boot.SpringApplication.run(SpringApplication.java:307) ~[spring-boot-2.7.9.jar:2.7.9]
	at org.springframework.boot.SpringApplication.run(SpringApplication.java:1303) ~[spring-boot-2.7.9.jar:2.7.9]
	at org.springframework.boot.SpringApplication.run(SpringApplication.java:1292) ~[spring-boot-2.7.9.jar:2.7.9]
	at com.pa.laboratory9.Laboratory9Application.main(Laboratory9Application.java:10) ~[classes/:na]
Caused by: org.springframework.beans.factory.BeanCreationException: Error creating bean with name 'dataSource' defined in class path resource [org/springframework/boot/autoconfigure/jdbc/DataSourceConfiguration$Hikari.class]: Bean instantiation via factory method failed; nested exception is org.springframework.beans.BeanInstantiationException: Failed to instantiate [com.zaxxer.hikari.HikariDataSource]: Factory method 'dataSource' threw exception; nested exception is java.lang.IllegalStateException: Cannot load driver class: com.mysql.cj.jdbc.Driver
	at org.springframework.beans.factory.support.ConstructorResolver.instantiate(ConstructorResolver.java:658) ~[spring-beans-5.3.25.jar:5.3.25]
	at org.springframework.beans.factory.support.ConstructorResolver.instantiateUsingFactoryMethod(ConstructorResolver.java:638) ~[spring-beans-5.3.25.jar:5.3.25]
	at org.springframework.beans.factory.support.AbstractAutowireCapableBeanFactory.instantiateUsingFactoryMethod(AbstractAutowireCapableBeanFactory.java:1352) ~[spring-beans-5.3.25.jar:5.3.25]
	at org.springframework.beans.factory.support.AbstractAutowireCapableBeanFactory.createBeanInstance(AbstractAutowireCapableBeanFactory.java:1195) ~[spring-beans-5.3.25.jar:5.3.25]
	at org.springframework.beans.factory.support.AbstractAutowireCapableBeanFactory.doCreateBean(AbstractAutowireCapableBeanFactory.java:582) ~[spring-beans-5.3.25.jar:5.3.25]
	at org.springframework.beans.factory.support.AbstractAutowireCapableBeanFactory.createBean(AbstractAutowireCapableBeanFactory.java:542) ~[spring-beans-5.3.25.jar:5.3.25]
	at org.springframework.beans.factory.support.AbstractBeanFactory.lambda$doGetBean$0(AbstractBeanFactory.java:335) ~[spring-beans-5.3.25.jar:5.3.25]
	at org.springframework.beans.factory.support.DefaultSingletonBeanRegistry.getSingleton(DefaultSingletonBeanRegistry.java:234) ~[spring-beans-5.3.25.jar:5.3.25]
	at org.springframework.beans.factory.support.AbstractBeanFactory.doGetBean(AbstractBeanFactory.java:333) ~[spring-beans-5.3.25.jar:5.3.25]
	at org.springframework.beans.factory.support.AbstractBeanFactory.getBean(AbstractBeanFactory.java:208) ~[spring-beans-5.3.25.jar:5.3.25]
	at org.springframework.beans.factory.config.DependencyDescriptor.resolveCandidate(DependencyDescriptor.java:276) ~[spring-beans-5.3.25.jar:5.3.25]
	at org.springframework.beans.factory.support.DefaultListableBeanFactory.doResolveDependency(DefaultListableBeanFactory.java:1391) ~[spring-beans-5.3.25.jar:5.3.25]
	at org.springframework.beans.factory.support.DefaultListableBeanFactory.resolveDependency(DefaultListableBeanFactory.java:1311) ~[spring-beans-5.3.25.jar:5.3.25]
	at org.springframework.beans.factory.support.ConstructorResolver.resolveAutowiredArgument(ConstructorResolver.java:887) ~[spring-beans-5.3.25.jar:5.3.25]
	at org.springframework.beans.factory.support.ConstructorResolver.createArgumentArray(ConstructorResolver.java:791) ~[spring-beans-5.3.25.jar:5.3.25]
	... 21 common frames omitted
Caused by: org.springframework.beans.BeanInstantiationException: Failed to instantiate [com.zaxxer.hikari.HikariDataSource]: Factory method 'dataSource' threw exception; nested exception is java.lang.IllegalStateException: Cannot load driver class: com.mysql.cj.jdbc.Driver
	at org.springframework.beans.factory.support.SimpleInstantiationStrategy.instantiate(SimpleInstantiationStrategy.java:185) ~[spring-beans-5.3.25.jar:5.3.25]
	at org.springframework.beans.factory.support.ConstructorResolver.instantiate(ConstructorResolver.java:653) ~[spring-beans-5.3.25.jar:5.3.25]
	... 35 common frames omitted
Caused by: java.lang.IllegalStateException: Cannot load driver class: com.mysql.cj.jdbc.Driver
	at org.springframework.util.Assert.state(Assert.java:97) ~[spring-core-5.3.25.jar:5.3.25]
	at org.springframework.boot.autoconfigure.jdbc.DataSourceProperties.determineDriverClassName(DataSourceProperties.java:175) ~[spring-boot-autoconfigure-2.7.9.jar:2.7.9]
	at org.springframework.boot.autoconfigure.jdbc.DataSourceProperties.initializeDataSourceBuilder(DataSourceProperties.java:125) ~[spring-boot-autoconfigure-2.7.9.jar:2.7.9]
	at org.springframework.boot.autoconfigure.jdbc.DataSourceConfiguration.createDataSource(DataSourceConfiguration.java:48) ~[spring-boot-autoconfigure-2.7.9.jar:2.7.9]
	at org.springframework.boot.autoconfigure.jdbc.DataSourceConfiguration$Hikari.dataSource(DataSourceConfiguration.java:90) ~[spring-boot-autoconfigure-2.7.9.jar:2.7.9]
	at java.base/jdk.internal.reflect.DirectMethodHandleAccessor.invoke(DirectMethodHandleAccessor.java:103) ~[na:na]
	at java.base/java.lang.reflect.Method.invoke(Method.java:580) ~[na:na]
	at org.springframework.beans.factory.support.SimpleInstantiationStrategy.instantiate(SimpleInstantiationStrategy.java:154) ~[spring-beans-5.3.25.jar:5.3.25]
	... 36 common frames omitted

2025-05-13 13:49:03.109  INFO 21160 --- [main] c.pa.laboratory9.Laboratory9Application  : Starting Laboratory9Application using Java 23.0.1 on DragoiAndrei with PID 21160 (C:\Users\drago\IdeaProjects\PA\PA9\target\classes started by drago in C:\Users\drago\IdeaProjects\PA\PA9)
2025-05-13 13:49:03.111 DEBUG 21160 --- [main] c.pa.laboratory9.Laboratory9Application  : Running with Spring Boot v2.7.9, Spring v5.3.25
2025-05-13 13:49:03.112  INFO 21160 --- [main] c.pa.laboratory9.Laboratory9Application  : No active profile set, falling back to 1 default profile: "default"
2025-05-13 13:49:03.838  INFO 21160 --- [main] .s.d.r.c.RepositoryConfigurationDelegate : Bootstrapping Spring Data JPA repositories in DEFAULT mode.
2025-05-13 13:49:03.853  INFO 21160 --- [main] .s.d.r.c.RepositoryConfigurationDelegate : Finished Spring Data repository scanning in 6 ms. Found 0 JPA repository interfaces.
2025-05-13 13:49:04.628  INFO 21160 --- [main] o.apache.catalina.core.StandardService   : Starting service [Tomcat]
2025-05-13 13:49:04.629  INFO 21160 --- [main] org.apache.catalina.core.StandardEngine  : Starting Servlet engine: [Apache Tomcat/9.0.71]
2025-05-13 13:49:04.794  INFO 21160 --- [main] o.a.c.c.C.[Tomcat].[localhost].[/]       : Initializing Spring embedded WebApplicationContext
2025-05-13 13:49:05.182  INFO 21160 --- [main] o.hibernate.jpa.internal.util.LogHelper  : HHH000204: Processing PersistenceUnitInfo [name: default]
2025-05-13 13:49:05.252  INFO 21160 --- [main] org.hibernate.Version                    : HHH000412: Hibernate ORM core version 5.6.10.Final
2025-05-13 13:49:05.399  INFO 21160 --- [main] o.hibernate.annotations.common.Version   : HCANN000001: Hibernate Commons Annotations {5.1.2.Final}
2025-05-13 13:49:05.492  INFO 21160 --- [main] com.zaxxer.hikari.HikariDataSource       : HikariPool-1 - Starting...
2025-05-13 13:49:05.829  INFO 21160 --- [main] com.zaxxer.hikari.HikariDataSource       : HikariPool-1 - Start completed.
2025-05-13 13:49:05.851  INFO 21160 --- [main] org.hibernate.dialect.Dialect            : HHH000400: Using dialect: org.hibernate.dialect.MySQL8Dialect
2025-05-13 13:49:06.222  INFO 21160 --- [main] o.h.e.t.j.p.i.JtaPlatformInitiator       : HHH000490: Using JtaPlatform implementation: [org.hibernate.engine.transaction.jta.platform.internal.NoJtaPlatform]
2025-05-13 13:49:06.233  INFO 21160 --- [main] j.LocalContainerEntityManagerFactoryBean : Initialized JPA EntityManagerFactory for persistence unit 'default'
2025-05-13 13:49:06.765  INFO 21160 --- [main] c.pa.laboratory9.Laboratory9Application  : Started Laboratory9Application in 4.153 seconds (JVM running for 4.679)
2025-05-13 13:49:10.340  INFO 21160 --- [SpringApplicationShutdownHook] j.LocalContainerEntityManagerFactoryBean : Closing JPA EntityManagerFactory for persistence unit 'default'
2025-05-13 13:49:10.346  INFO 21160 --- [SpringApplicationShutdownHook] com.zaxxer.hikari.HikariDataSource       : HikariPool-1 - Shutdown initiated...
2025-05-13 13:49:10.373  INFO 21160 --- [SpringApplicationShutdownHook] com.zaxxer.hikari.HikariDataSource       : HikariPool-1 - Shutdown completed.
2025-05-13 13:49:53.923  INFO 6616 --- [main] c.pa.laboratory9.Laboratory9Application  : Starting Laboratory9Application using Java 23.0.1 on DragoiAndrei with PID 6616 (C:\Users\drago\IdeaProjects\PA\PA9\target\classes started by drago in C:\Users\drago\IdeaProjects\PA\PA9)
2025-05-13 13:49:53.939 DEBUG 6616 --- [main] c.pa.laboratory9.Laboratory9Application  : Running with Spring Boot v2.7.9, Spring v5.3.25
2025-05-13 13:49:53.939  INFO 6616 --- [main] c.pa.laboratory9.Laboratory9Application  : No active profile set, falling back to 1 default profile: "default"
2025-05-13 13:49:54.617  INFO 6616 --- [main] .s.d.r.c.RepositoryConfigurationDelegate : Bootstrapping Spring Data JPA repositories in DEFAULT mode.
2025-05-13 13:49:54.647  INFO 6616 --- [main] .s.d.r.c.RepositoryConfigurationDelegate : Finished Spring Data repository scanning in 17 ms. Found 0 JPA repository interfaces.
2025-05-13 13:49:55.409  INFO 6616 --- [main] o.apache.catalina.core.StandardService   : Starting service [Tomcat]
2025-05-13 13:49:55.410  INFO 6616 --- [main] org.apache.catalina.core.StandardEngine  : Starting Servlet engine: [Apache Tomcat/9.0.71]
2025-05-13 13:49:55.554  INFO 6616 --- [main] o.a.c.c.C.[Tomcat].[localhost].[/]       : Initializing Spring embedded WebApplicationContext
2025-05-13 13:49:55.777  INFO 6616 --- [main] o.hibernate.jpa.internal.util.LogHelper  : HHH000204: Processing PersistenceUnitInfo [name: default]
2025-05-13 13:49:55.842  INFO 6616 --- [main] org.hibernate.Version                    : HHH000412: Hibernate ORM core version 5.6.10.Final
2025-05-13 13:49:55.972  INFO 6616 --- [main] o.hibernate.annotations.common.Version   : HCANN000001: Hibernate Commons Annotations {5.1.2.Final}
2025-05-13 13:49:56.077  INFO 6616 --- [main] com.zaxxer.hikari.HikariDataSource       : HikariPool-1 - Starting...
2025-05-13 13:49:56.417  INFO 6616 --- [main] com.zaxxer.hikari.HikariDataSource       : HikariPool-1 - Start completed.
2025-05-13 13:49:56.431  INFO 6616 --- [main] org.hibernate.dialect.Dialect            : HHH000400: Using dialect: org.hibernate.dialect.MySQL8Dialect
2025-05-13 13:49:56.828  INFO 6616 --- [main] o.h.e.t.j.p.i.JtaPlatformInitiator       : HHH000490: Using JtaPlatform implementation: [org.hibernate.engine.transaction.jta.platform.internal.NoJtaPlatform]
2025-05-13 13:49:56.838  INFO 6616 --- [main] j.LocalContainerEntityManagerFactoryBean : Initialized JPA EntityManagerFactory for persistence unit 'default'
2025-05-13 13:49:57.386  INFO 6616 --- [main] c.pa.laboratory9.Laboratory9Application  : Started Laboratory9Application in 3.948 seconds (JVM running for 4.5)
2025-05-13 13:50:17.120  INFO 6616 --- [SpringApplicationShutdownHook] j.LocalContainerEntityManagerFactoryBean : Closing JPA EntityManagerFactory for persistence unit 'default'
2025-05-13 13:50:17.120  INFO 6616 --- [SpringApplicationShutdownHook] com.zaxxer.hikari.HikariDataSource       : HikariPool-1 - Shutdown initiated...
2025-05-13 13:50:17.152  INFO 6616 --- [SpringApplicationShutdownHook] com.zaxxer.hikari.HikariDataSource       : HikariPool-1 - Shutdown completed.
2025-05-13 13:51:34.626  INFO 13544 --- [main] c.pa.laboratory9.Laboratory9Application  : Starting Laboratory9Application using Java 23.0.1 on DragoiAndrei with PID 13544 (C:\Users\drago\IdeaProjects\PA\PA9\target\classes started by drago in C:\Users\drago\IdeaProjects\PA\PA9)
2025-05-13 13:51:34.630 DEBUG 13544 --- [main] c.pa.laboratory9.Laboratory9Application  : Running with Spring Boot v2.7.9, Spring v5.3.25
2025-05-13 13:51:34.630  INFO 13544 --- [main] c.pa.laboratory9.Laboratory9Application  : No active profile set, falling back to 1 default profile: "default"
2025-05-13 13:51:35.332  INFO 13544 --- [main] .s.d.r.c.RepositoryConfigurationDelegate : Bootstrapping Spring Data JPA repositories in DEFAULT mode.
2025-05-13 13:51:35.362  INFO 13544 --- [main] .s.d.r.c.RepositoryConfigurationDelegate : Finished Spring Data repository scanning in 12 ms. Found 0 JPA repository interfaces.
2025-05-13 13:51:36.132  INFO 13544 --- [main] o.apache.catalina.core.StandardService   : Starting service [Tomcat]
2025-05-13 13:51:36.133  INFO 13544 --- [main] org.apache.catalina.core.StandardEngine  : Starting Servlet engine: [Apache Tomcat/9.0.71]
2025-05-13 13:51:36.266  INFO 13544 --- [main] o.a.c.c.C.[Tomcat].[localhost].[/]       : Initializing Spring embedded WebApplicationContext
2025-05-13 13:51:36.497  INFO 13544 --- [main] o.hibernate.jpa.internal.util.LogHelper  : HHH000204: Processing PersistenceUnitInfo [name: default]
2025-05-13 13:51:36.559  INFO 13544 --- [main] org.hibernate.Version                    : HHH000412: Hibernate ORM core version 5.6.10.Final
2025-05-13 13:51:36.697  INFO 13544 --- [main] o.hibernate.annotations.common.Version   : HCANN000001: Hibernate Commons Annotations {5.1.2.Final}
2025-05-13 13:51:36.797  INFO 13544 --- [main] com.zaxxer.hikari.HikariDataSource       : HikariPool-1 - Starting...
2025-05-13 13:51:37.128  INFO 13544 --- [main] com.zaxxer.hikari.HikariDataSource       : HikariPool-1 - Start completed.
2025-05-13 13:51:37.146  INFO 13544 --- [main] org.hibernate.dialect.Dialect            : HHH000400: Using dialect: org.hibernate.dialect.MySQL8Dialect
2025-05-13 13:51:37.520  INFO 13544 --- [main] o.h.e.t.j.p.i.JtaPlatformInitiator       : HHH000490: Using JtaPlatform implementation: [org.hibernate.engine.transaction.jta.platform.internal.NoJtaPlatform]
2025-05-13 13:51:37.528  INFO 13544 --- [main] j.LocalContainerEntityManagerFactoryBean : Initialized JPA EntityManagerFactory for persistence unit 'default'
2025-05-13 13:51:38.064  INFO 13544 --- [main] c.pa.laboratory9.Laboratory9Application  : Started Laboratory9Application in 3.95 seconds (JVM running for 4.48)
2025-05-13 13:56:25.558  INFO 13544 --- [SpringApplicationShutdownHook] j.LocalContainerEntityManagerFactoryBean : Closing JPA EntityManagerFactory for persistence unit 'default'
2025-05-13 13:56:25.560  INFO 13544 --- [SpringApplicationShutdownHook] com.zaxxer.hikari.HikariDataSource       : HikariPool-1 - Shutdown initiated...
2025-05-13 13:56:25.570  INFO 13544 --- [SpringApplicationShutdownHook] com.zaxxer.hikari.HikariDataSource       : HikariPool-1 - Shutdown completed.
2025-05-13 13:56:45.053  INFO 22492 --- [main] c.pa.laboratory9.Laboratory9Application  : Starting Laboratory9Application using Java 23.0.1 on DragoiAndrei with PID 22492 (C:\Users\drago\IdeaProjects\PA\PA9\target\classes started by drago in C:\Users\drago\IdeaProjects\PA\PA9)
2025-05-13 13:56:45.057 DEBUG 22492 --- [main] c.pa.laboratory9.Laboratory9Application  : Running with Spring Boot v2.7.9, Spring v5.3.25
2025-05-13 13:56:45.057  INFO 22492 --- [main] c.pa.laboratory9.Laboratory9Application  : No active profile set, falling back to 1 default profile: "default"
2025-05-13 13:56:45.752  INFO 22492 --- [main] .s.d.r.c.RepositoryConfigurationDelegate : Bootstrapping Spring Data JPA repositories in DEFAULT mode.
2025-05-13 13:56:45.782  INFO 22492 --- [main] .s.d.r.c.RepositoryConfigurationDelegate : Finished Spring Data repository scanning in 11 ms. Found 0 JPA repository interfaces.
2025-05-13 13:56:46.536  INFO 22492 --- [main] o.apache.catalina.core.StandardService   : Starting service [Tomcat]
2025-05-13 13:56:46.536  INFO 22492 --- [main] org.apache.catalina.core.StandardEngine  : Starting Servlet engine: [Apache Tomcat/9.0.71]
2025-05-13 13:56:46.675  INFO 22492 --- [main] o.a.c.c.C.[Tomcat].[localhost].[/]       : Initializing Spring embedded WebApplicationContext
2025-05-13 13:56:46.919  INFO 22492 --- [main] o.hibernate.jpa.internal.util.LogHelper  : HHH000204: Processing PersistenceUnitInfo [name: default]
2025-05-13 13:56:46.969  INFO 22492 --- [main] org.hibernate.Version                    : HHH000412: Hibernate ORM core version 5.6.10.Final
2025-05-13 13:56:47.105  INFO 22492 --- [main] o.hibernate.annotations.common.Version   : HCANN000001: Hibernate Commons Annotations {5.1.2.Final}
2025-05-13 13:56:47.207  INFO 22492 --- [main] com.zaxxer.hikari.HikariDataSource       : HikariPool-1 - Starting...
2025-05-13 13:56:47.524  INFO 22492 --- [main] com.zaxxer.hikari.HikariDataSource       : HikariPool-1 - Start completed.
2025-05-13 13:56:47.538  INFO 22492 --- [main] org.hibernate.dialect.Dialect            : HHH000400: Using dialect: org.hibernate.dialect.MySQL8Dialect
2025-05-13 13:56:47.849  INFO 22492 --- [main] o.h.e.t.j.p.i.JtaPlatformInitiator       : HHH000490: Using JtaPlatform implementation: [org.hibernate.engine.transaction.jta.platform.internal.NoJtaPlatform]
2025-05-13 13:56:47.857  INFO 22492 --- [main] j.LocalContainerEntityManagerFactoryBean : Initialized JPA EntityManagerFactory for persistence unit 'default'
2025-05-13 13:56:48.341  INFO 22492 --- [main] c.pa.laboratory9.Laboratory9Application  : Started Laboratory9Application in 3.812 seconds (JVM running for 4.354)
2025-05-13 13:56:52.727  INFO 22492 --- [SpringApplicationShutdownHook] j.LocalContainerEntityManagerFactoryBean : Closing JPA EntityManagerFactory for persistence unit 'default'
2025-05-13 13:56:52.728  INFO 22492 --- [SpringApplicationShutdownHook] com.zaxxer.hikari.HikariDataSource       : HikariPool-1 - Shutdown initiated...
2025-05-13 13:56:52.736  INFO 22492 --- [SpringApplicationShutdownHook] com.zaxxer.hikari.HikariDataSource       : HikariPool-1 - Shutdown completed.
2025-05-13 13:57:26.956  INFO 7312 --- [main] c.pa.laboratory9.Laboratory9Application  : Starting Laboratory9Application using Java 23.0.1 on DragoiAndrei with PID 7312 (C:\Users\drago\IdeaProjects\PA\PA9\target\classes started by drago in C:\Users\drago\IdeaProjects\PA\PA9)
2025-05-13 13:57:26.959 DEBUG 7312 --- [main] c.pa.laboratory9.Laboratory9Application  : Running with Spring Boot v2.7.9, Spring v5.3.25
2025-05-13 13:57:26.959  INFO 7312 --- [main] c.pa.laboratory9.Laboratory9Application  : No active profile set, falling back to 1 default profile: "default"
2025-05-13 13:57:27.628  INFO 7312 --- [main] .s.d.r.c.RepositoryConfigurationDelegate : Bootstrapping Spring Data JPA repositories in DEFAULT mode.
2025-05-13 13:57:27.654  INFO 7312 --- [main] .s.d.r.c.RepositoryConfigurationDelegate : Finished Spring Data repository scanning in 12 ms. Found 0 JPA repository interfaces.
2025-05-13 13:57:28.514  INFO 7312 --- [main] o.apache.catalina.core.StandardService   : Starting service [Tomcat]
2025-05-13 13:57:28.514  INFO 7312 --- [main] org.apache.catalina.core.StandardEngine  : Starting Servlet engine: [Apache Tomcat/9.0.71]
2025-05-13 13:57:28.661  INFO 7312 --- [main] o.a.c.c.C.[Tomcat].[localhost].[/]       : Initializing Spring embedded WebApplicationContext
2025-05-13 13:57:28.876  INFO 7312 --- [main] o.hibernate.jpa.internal.util.LogHelper  : HHH000204: Processing PersistenceUnitInfo [name: default]
2025-05-13 13:57:28.952  INFO 7312 --- [main] org.hibernate.Version                    : HHH000412: Hibernate ORM core version 5.6.10.Final
2025-05-13 13:57:29.095  INFO 7312 --- [main] o.hibernate.annotations.common.Version   : HCANN000001: Hibernate Commons Annotations {5.1.2.Final}
2025-05-13 13:57:29.198  INFO 7312 --- [main] com.zaxxer.hikari.HikariDataSource       : HikariPool-1 - Starting...
2025-05-13 13:57:29.531  INFO 7312 --- [main] com.zaxxer.hikari.HikariDataSource       : HikariPool-1 - Start completed.
2025-05-13 13:57:29.549  INFO 7312 --- [main] org.hibernate.dialect.Dialect            : HHH000400: Using dialect: org.hibernate.dialect.MySQL8Dialect
2025-05-13 13:57:29.883  INFO 7312 --- [main] o.h.e.t.j.p.i.JtaPlatformInitiator       : HHH000490: Using JtaPlatform implementation: [org.hibernate.engine.transaction.jta.platform.internal.NoJtaPlatform]
2025-05-13 13:57:29.897  INFO 7312 --- [main] j.LocalContainerEntityManagerFactoryBean : Initialized JPA EntityManagerFactory for persistence unit 'default'
2025-05-13 13:57:29.911  INFO 7312 --- [main] j.LocalContainerEntityManagerFactoryBean : Closing JPA EntityManagerFactory for persistence unit 'default'
2025-05-13 13:57:29.915  INFO 7312 --- [main] com.zaxxer.hikari.HikariDataSource       : HikariPool-1 - Shutdown initiated...
2025-05-13 13:57:29.928  INFO 7312 --- [main] com.zaxxer.hikari.HikariDataSource       : HikariPool-1 - Shutdown completed.
2025-05-13 13:57:29.932  INFO 7312 --- [main] o.apache.catalina.core.StandardService   : Stopping service [Tomcat]
2025-05-13 13:57:29.965 ERROR 7312 --- [main] o.s.b.d.LoggingFailureAnalysisReporter   : 

***************************
APPLICATION FAILED TO START
***************************

Description:

Parameter 0 of constructor in com.pa.laboratory9.repository.jpa.CityRepository required a bean of type 'jakarta.persistence.EntityManager' that could not be found.


Action:

Consider defining a bean of type 'jakarta.persistence.EntityManager' in your configuration.

2025-05-13 14:02:37.537  INFO 15356 --- [main] c.pa.laboratory9.Laboratory9Application  : Starting Laboratory9Application using Java 23.0.1 on DragoiAndrei with PID 15356 (C:\Users\drago\IdeaProjects\PA\PA9\target\classes started by drago in C:\Users\drago\IdeaProjects\PA\PA9)
2025-05-13 14:02:37.542 DEBUG 15356 --- [main] c.pa.laboratory9.Laboratory9Application  : Running with Spring Boot v2.7.9, Spring v5.3.25
2025-05-13 14:02:37.543  INFO 15356 --- [main] c.pa.laboratory9.Laboratory9Application  : No active profile set, falling back to 1 default profile: "default"
2025-05-13 14:02:38.280  INFO 15356 --- [main] .s.d.r.c.RepositoryConfigurationDelegate : Bootstrapping Spring Data JPA repositories in DEFAULT mode.
2025-05-13 14:02:38.306  INFO 15356 --- [main] .s.d.r.c.RepositoryConfigurationDelegate : Finished Spring Data repository scanning in 14 ms. Found 0 JPA repository interfaces.
2025-05-13 14:02:39.032  INFO 15356 --- [main] o.apache.catalina.core.StandardService   : Starting service [Tomcat]
2025-05-13 14:02:39.032  INFO 15356 --- [main] org.apache.catalina.core.StandardEngine  : Starting Servlet engine: [Apache Tomcat/9.0.71]
2025-05-13 14:02:39.178  INFO 15356 --- [main] o.a.c.c.C.[Tomcat].[localhost].[/]       : Initializing Spring embedded WebApplicationContext
2025-05-13 14:02:39.418  INFO 15356 --- [main] o.hibernate.jpa.internal.util.LogHelper  : HHH000204: Processing PersistenceUnitInfo [name: default]
2025-05-13 14:02:39.472  INFO 15356 --- [main] org.hibernate.Version                    : HHH000412: Hibernate ORM core version 5.6.10.Final
2025-05-13 14:02:39.604  INFO 15356 --- [main] o.hibernate.annotations.common.Version   : HCANN000001: Hibernate Commons Annotations {5.1.2.Final}
2025-05-13 14:02:39.705  INFO 15356 --- [main] com.zaxxer.hikari.HikariDataSource       : HikariPool-1 - Starting...
2025-05-13 14:02:40.029  INFO 15356 --- [main] com.zaxxer.hikari.HikariDataSource       : HikariPool-1 - Start completed.
2025-05-13 14:02:40.046  INFO 15356 --- [main] org.hibernate.dialect.Dialect            : HHH000400: Using dialect: org.hibernate.dialect.MySQL8Dialect
2025-05-13 14:02:40.430  INFO 15356 --- [main] o.h.e.t.j.p.i.JtaPlatformInitiator       : HHH000490: Using JtaPlatform implementation: [org.hibernate.engine.transaction.jta.platform.internal.NoJtaPlatform]
2025-05-13 14:02:40.443  INFO 15356 --- [main] j.LocalContainerEntityManagerFactoryBean : Initialized JPA EntityManagerFactory for persistence unit 'default'
2025-05-13 14:02:40.454  INFO 15356 --- [main] j.LocalContainerEntityManagerFactoryBean : Closing JPA EntityManagerFactory for persistence unit 'default'
2025-05-13 14:02:40.457  INFO 15356 --- [main] com.zaxxer.hikari.HikariDataSource       : HikariPool-1 - Shutdown initiated...
2025-05-13 14:02:40.466  INFO 15356 --- [main] com.zaxxer.hikari.HikariDataSource       : HikariPool-1 - Shutdown completed.
2025-05-13 14:02:40.468  INFO 15356 --- [main] o.apache.catalina.core.StandardService   : Stopping service [Tomcat]
2025-05-13 14:02:40.501 ERROR 15356 --- [main] o.s.b.d.LoggingFailureAnalysisReporter   : 

***************************
APPLICATION FAILED TO START
***************************

Description:

Parameter 0 of constructor in com.pa.laboratory9.factory.JpaFactory required a bean of type 'jakarta.persistence.EntityManager' that could not be found.


Action:

Consider defining a bean of type 'jakarta.persistence.EntityManager' in your configuration.

2025-05-13 14:13:49.148  INFO 7112 --- [main] c.pa.laboratory9.Laboratory9Application  : Starting Laboratory9Application using Java 23.0.1 on DragoiAndrei with PID 7112 (C:\Users\drago\IdeaProjects\PA\PA9\target\classes started by drago in C:\Users\drago\IdeaProjects\PA\PA9)
2025-05-13 14:13:49.151 DEBUG 7112 --- [main] c.pa.laboratory9.Laboratory9Application  : Running with Spring Boot v2.7.9, Spring v5.3.25
2025-05-13 14:13:49.151  INFO 7112 --- [main] c.pa.laboratory9.Laboratory9Application  : No active profile set, falling back to 1 default profile: "default"
2025-05-13 14:13:49.851  INFO 7112 --- [main] .s.d.r.c.RepositoryConfigurationDelegate : Bootstrapping Spring Data JPA repositories in DEFAULT mode.
2025-05-13 14:13:49.871  INFO 7112 --- [main] .s.d.r.c.RepositoryConfigurationDelegate : Finished Spring Data repository scanning in 8 ms. Found 0 JPA repository interfaces.
2025-05-13 14:13:50.667  INFO 7112 --- [main] o.apache.catalina.core.StandardService   : Starting service [Tomcat]
2025-05-13 14:13:50.667  INFO 7112 --- [main] org.apache.catalina.core.StandardEngine  : Starting Servlet engine: [Apache Tomcat/9.0.71]
2025-05-13 14:13:50.838  INFO 7112 --- [main] o.a.c.c.C.[Tomcat].[localhost].[/]       : Initializing Spring embedded WebApplicationContext
2025-05-13 14:13:51.098  INFO 7112 --- [main] o.hibernate.jpa.internal.util.LogHelper  : HHH000204: Processing PersistenceUnitInfo [name: default]
2025-05-13 14:13:51.203  INFO 7112 --- [main] org.hibernate.Version                    : HHH000412: Hibernate ORM core version 5.6.10.Final
2025-05-13 14:13:51.431  INFO 7112 --- [main] o.hibernate.annotations.common.Version   : HCANN000001: Hibernate Commons Annotations {5.1.2.Final}
2025-05-13 14:13:51.581  INFO 7112 --- [main] com.zaxxer.hikari.HikariDataSource       : HikariPool-1 - Starting...
2025-05-13 14:13:51.934  INFO 7112 --- [main] com.zaxxer.hikari.HikariDataSource       : HikariPool-1 - Start completed.
2025-05-13 14:13:51.949  INFO 7112 --- [main] org.hibernate.dialect.Dialect            : HHH000400: Using dialect: org.hibernate.dialect.MySQL8Dialect
2025-05-13 14:13:52.299  INFO 7112 --- [main] o.h.e.t.j.p.i.JtaPlatformInitiator       : HHH000490: Using JtaPlatform implementation: [org.hibernate.engine.transaction.jta.platform.internal.NoJtaPlatform]
2025-05-13 14:13:52.310  INFO 7112 --- [main] j.LocalContainerEntityManagerFactoryBean : Initialized JPA EntityManagerFactory for persistence unit 'default'
2025-05-13 14:13:52.329  INFO 7112 --- [main] j.LocalContainerEntityManagerFactoryBean : Closing JPA EntityManagerFactory for persistence unit 'default'
2025-05-13 14:13:52.333  INFO 7112 --- [main] com.zaxxer.hikari.HikariDataSource       : HikariPool-1 - Shutdown initiated...
2025-05-13 14:13:52.349  INFO 7112 --- [main] com.zaxxer.hikari.HikariDataSource       : HikariPool-1 - Shutdown completed.
2025-05-13 14:13:52.354  INFO 7112 --- [main] o.apache.catalina.core.StandardService   : Stopping service [Tomcat]
2025-05-13 14:13:52.393 ERROR 7112 --- [main] o.s.b.d.LoggingFailureAnalysisReporter   : 

***************************
APPLICATION FAILED TO START
***************************

Description:

Parameter 0 of constructor in com.pa.laboratory9.factory.JpaFactory required a bean of type 'jakarta.persistence.EntityManager' that could not be found.


Action:

Consider defining a bean of type 'jakarta.persistence.EntityManager' in your configuration.

2025-05-13 14:14:27.088  INFO 22124 --- [main] c.pa.laboratory9.Laboratory9Application  : Starting Laboratory9Application using Java 23.0.1 on DragoiAndrei with PID 22124 (C:\Users\drago\IdeaProjects\PA\PA9\target\classes started by drago in C:\Users\drago\IdeaProjects\PA\PA9)
2025-05-13 14:14:27.091 DEBUG 22124 --- [main] c.pa.laboratory9.Laboratory9Application  : Running with Spring Boot v2.7.9, Spring v5.3.25
2025-05-13 14:14:27.091  INFO 22124 --- [main] c.pa.laboratory9.Laboratory9Application  : No active profile set, falling back to 1 default profile: "default"
2025-05-13 14:14:27.799  INFO 22124 --- [main] .s.d.r.c.RepositoryConfigurationDelegate : Bootstrapping Spring Data JPA repositories in DEFAULT mode.
2025-05-13 14:14:27.820  INFO 22124 --- [main] .s.d.r.c.RepositoryConfigurationDelegate : Finished Spring Data repository scanning in 9 ms. Found 0 JPA repository interfaces.
2025-05-13 14:14:28.547  INFO 22124 --- [main] o.apache.catalina.core.StandardService   : Starting service [Tomcat]
2025-05-13 14:14:28.548  INFO 22124 --- [main] org.apache.catalina.core.StandardEngine  : Starting Servlet engine: [Apache Tomcat/9.0.71]
2025-05-13 14:14:28.690  INFO 22124 --- [main] o.a.c.c.C.[Tomcat].[localhost].[/]       : Initializing Spring embedded WebApplicationContext
2025-05-13 14:14:28.926  INFO 22124 --- [main] o.hibernate.jpa.internal.util.LogHelper  : HHH000204: Processing PersistenceUnitInfo [name: default]
2025-05-13 14:14:29.020  INFO 22124 --- [main] org.hibernate.Version                    : HHH000412: Hibernate ORM core version 5.6.10.Final
2025-05-13 14:14:29.209  INFO 22124 --- [main] o.hibernate.annotations.common.Version   : HCANN000001: Hibernate Commons Annotations {5.1.2.Final}
2025-05-13 14:14:29.322  INFO 22124 --- [main] com.zaxxer.hikari.HikariDataSource       : HikariPool-1 - Starting...
2025-05-13 14:14:29.656  INFO 22124 --- [main] com.zaxxer.hikari.HikariDataSource       : HikariPool-1 - Start completed.
2025-05-13 14:14:29.669  INFO 22124 --- [main] org.hibernate.dialect.Dialect            : HHH000400: Using dialect: org.hibernate.dialect.MySQL8Dialect
2025-05-13 14:14:30.036  INFO 22124 --- [main] o.h.e.t.j.p.i.JtaPlatformInitiator       : HHH000490: Using JtaPlatform implementation: [org.hibernate.engine.transaction.jta.platform.internal.NoJtaPlatform]
2025-05-13 14:14:30.049  INFO 22124 --- [main] j.LocalContainerEntityManagerFactoryBean : Initialized JPA EntityManagerFactory for persistence unit 'default'
2025-05-13 14:14:30.060  INFO 22124 --- [main] j.LocalContainerEntityManagerFactoryBean : Closing JPA EntityManagerFactory for persistence unit 'default'
2025-05-13 14:14:30.062  INFO 22124 --- [main] com.zaxxer.hikari.HikariDataSource       : HikariPool-1 - Shutdown initiated...
2025-05-13 14:14:30.069  INFO 22124 --- [main] com.zaxxer.hikari.HikariDataSource       : HikariPool-1 - Shutdown completed.
2025-05-13 14:14:30.073  INFO 22124 --- [main] o.apache.catalina.core.StandardService   : Stopping service [Tomcat]
2025-05-13 14:14:30.106 ERROR 22124 --- [main] o.s.b.d.LoggingFailureAnalysisReporter   : 

***************************
APPLICATION FAILED TO START
***************************

Description:

Parameter 0 of constructor in com.pa.laboratory9.factory.JpaFactory required a bean of type 'jakarta.persistence.EntityManager' that could not be found.


Action:

Consider defining a bean of type 'jakarta.persistence.EntityManager' in your configuration.

2025-05-13 14:14:43.872  INFO 15676 --- [main] c.pa.laboratory9.Laboratory9Application  : Starting Laboratory9Application using Java 23.0.1 on DragoiAndrei with PID 15676 (C:\Users\drago\IdeaProjects\PA\PA9\target\classes started by drago in C:\Users\drago\IdeaProjects\PA\PA9)
2025-05-13 14:14:43.874 DEBUG 15676 --- [main] c.pa.laboratory9.Laboratory9Application  : Running with Spring Boot v2.7.9, Spring v5.3.25
2025-05-13 14:14:43.875  INFO 15676 --- [main] c.pa.laboratory9.Laboratory9Application  : No active profile set, falling back to 1 default profile: "default"
2025-05-13 14:14:44.583  INFO 15676 --- [main] .s.d.r.c.RepositoryConfigurationDelegate : Bootstrapping Spring Data JPA repositories in DEFAULT mode.
2025-05-13 14:14:44.601  INFO 15676 --- [main] .s.d.r.c.RepositoryConfigurationDelegate : Finished Spring Data repository scanning in 8 ms. Found 0 JPA repository interfaces.
2025-05-13 14:14:45.513  INFO 15676 --- [main] o.apache.catalina.core.StandardService   : Starting service [Tomcat]
2025-05-13 14:14:45.513  INFO 15676 --- [main] org.apache.catalina.core.StandardEngine  : Starting Servlet engine: [Apache Tomcat/9.0.71]
2025-05-13 14:14:45.680  INFO 15676 --- [main] o.a.c.c.C.[Tomcat].[localhost].[/]       : Initializing Spring embedded WebApplicationContext
2025-05-13 14:14:45.924  INFO 15676 --- [main] o.hibernate.jpa.internal.util.LogHelper  : HHH000204: Processing PersistenceUnitInfo [name: default]
2025-05-13 14:14:45.992  INFO 15676 --- [main] org.hibernate.Version                    : HHH000412: Hibernate ORM core version 5.6.10.Final
2025-05-13 14:14:46.129  INFO 15676 --- [main] o.hibernate.annotations.common.Version   : HCANN000001: Hibernate Commons Annotations {5.1.2.Final}
2025-05-13 14:14:46.216  INFO 15676 --- [main] com.zaxxer.hikari.HikariDataSource       : HikariPool-1 - Starting...
2025-05-13 14:14:46.553  INFO 15676 --- [main] com.zaxxer.hikari.HikariDataSource       : HikariPool-1 - Start completed.
2025-05-13 14:14:46.577  INFO 15676 --- [main] org.hibernate.dialect.Dialect            : HHH000400: Using dialect: org.hibernate.dialect.MySQL8Dialect
2025-05-13 14:14:46.969  INFO 15676 --- [main] o.h.e.t.j.p.i.JtaPlatformInitiator       : HHH000490: Using JtaPlatform implementation: [org.hibernate.engine.transaction.jta.platform.internal.NoJtaPlatform]
2025-05-13 14:14:46.977  INFO 15676 --- [main] j.LocalContainerEntityManagerFactoryBean : Initialized JPA EntityManagerFactory for persistence unit 'default'
2025-05-13 14:14:47.501  INFO 15676 --- [main] c.pa.laboratory9.Laboratory9Application  : Started Laboratory9Application in 4.141 seconds (JVM running for 4.683)
2025-05-13 14:14:50.630  INFO 15676 --- [SpringApplicationShutdownHook] j.LocalContainerEntityManagerFactoryBean : Closing JPA EntityManagerFactory for persistence unit 'default'
2025-05-13 14:14:50.632  INFO 15676 --- [SpringApplicationShutdownHook] com.zaxxer.hikari.HikariDataSource       : HikariPool-1 - Shutdown initiated...
2025-05-13 14:14:50.639  INFO 15676 --- [SpringApplicationShutdownHook] com.zaxxer.hikari.HikariDataSource       : HikariPool-1 - Shutdown completed.
